<?xml version="1.0" encoding="utf-8"?><testsuites name="pytest tests"><testsuite name="pytest" errors="0" failures="0" skipped="0" tests="4" time="10.413" timestamp="2026-07-05T07:35:18.092031+00:00" hostname="agent-env-6ca9f0f3-afef-43ef-b2e1-1d2b28940021"><testcase classname="tests.test_profile_heal" name="test_heal_missing_token_returns_401" time="0.265" /><testcase classname="tests.test_profile_heal" name="test_heal_invalid_token_returns_401" time="1.021" /><testcase classname="tests.test_profile_heal" name="test_heal_idempotent_returns_existing_row" time="5.463" /><testcase classname="tests.test_profile_heal" name="test_heal_recreates_missing_row" time="3.510" /></testsuite></testsuites>